<?xml version="1.0" encoding="UTF-8"?>
<testsuite xmlns:xsi="http://www.w3.org/2001/XMLSchema-instance" xsi:schemaLocation="https://maven.apache.org/surefire/maven-surefire-plugin/xsd/surefire-test-report.xsd" name="TestSuite" time="46.698" tests="19" errors="0" skipped="12" failures="0">
  <properties>
    <property name="java.runtime.name" value="OpenJDK Runtime Environment"/>
    <property name="java.vm.version" value="17+35"/>
    <property name="sun.boot.library.path" value="C:\Users\hpsim\.p2\pool\plugins\org.eclipse.justj.openjdk.hotspot.jre.full.win32.x86_64_17.0.0.v20211012-1059\jre\bin"/>
    <property name="maven.multiModuleProjectDirectory" value="C:\Users\hpsim\Desktop\NewProject\aspial"/>
    <property name="java.vm.vendor" value="Eclipse Adoptium"/>
    <property name="java.vendor.url" value="https://adoptium.net/"/>
    <property name="guice.disable.misplaced.annotation.check" value="true"/>
    <property name="path.separator" value=";"/>
    <property name="java.vm.name" value="OpenJDK 64-Bit Server VM"/>
    <property name="sun.os.patch.level" value=""/>
    <property name="user.script" value=""/>
    <property name="user.country" value="IN"/>
    <property name="sun.java.launcher" value="SUN_STANDARD"/>
    <property name="java.vm.specification.name" value="Java Virtual Machine Specification"/>
    <property name="user.dir" value="C:\Users\hpsim\Desktop\NewProject\aspial"/>
    <property name="java.vm.compressedOopsMode" value="32-bit"/>
    <property name="java.runtime.version" value="17+35"/>
    <property name="os.arch" value="amd64"/>
    <property name="java.io.tmpdir" value="C:\Users\hpsim\AppData\Local\Temp\"/>
    <property name="line.separator" value="&#10;"/>
    <property name="java.vm.specification.vendor" value="Oracle Corporation"/>
    <property name="user.variant" value=""/>
    <property name="os.name" value="Windows 10"/>
    <property name="classworlds.conf" value="C:\Users\hpsim\Desktop\NewProject\.metadata\.plugins\org.eclipse.m2e.launching\launches\m2conf17550262373407466193.tmp"/>
    <property name="sun.jnu.encoding" value="Cp1252"/>
    <property name="java.library.path" value="C:\Users\hpsim\.p2\pool\plugins\org.eclipse.justj.openjdk.hotspot.jre.full.win32.x86_64_17.0.0.v20211012-1059\jre\bin;C:\windows\Sun\Java\bin;C:\windows\system32;C:\windows;C:/Users/hpsim/.p2/pool/plugins/org.eclipse.justj.openjdk.hotspot.jre.full.win32.x86_64_17.0.0.v20211012-1059/jre/bin/server;C:/Users/hpsim/.p2/pool/plugins/org.eclipse.justj.openjdk.hotspot.jre.full.win32.x86_64_17.0.0.v20211012-1059/jre/bin;C:\windows\system32;C:\windows;C:\windows\System32\Wbem;C:\windows\System32\WindowsPowerShell\v1.0\;C:\windows\System32\OpenSSH\;C:\Users\hpsim\AppData\Local\Microsoft\WindowsApps;;C:\Users\hpsim\eclipse\jee-2021-09\eclipse;;."/>
    <property name="jdk.debug" value="release"/>
    <property name="java.class.version" value="61.0"/>
    <property name="java.specification.name" value="Java Platform API Specification"/>
    <property name="sun.management.compiler" value="HotSpot 64-Bit Tiered Compilers"/>
    <property name="os.version" value="10.0"/>
    <property name="user.home" value="C:\Users\hpsim"/>
    <property name="user.timezone" value="Asia/Calcutta"/>
    <property name="file.encoding" value="Cp1252"/>
    <property name="java.specification.version" value="17"/>
    <property name="user.name" value="hpsim"/>
    <property name="java.class.path" value="C:\Users\hpsim\.p2\pool\plugins\org.eclipse.m2e.maven.runtime_1.18.0.20210618-2246\jars\plexus-classworlds-2.6.0.jar"/>
    <property name="java.vm.specification.version" value="17"/>
    <property name="sun.arch.data.model" value="64"/>
    <property name="sun.java.command" value="org.codehaus.plexus.classworlds.launcher.Launcher -B test"/>
    <property name="java.home" value="C:\Users\hpsim\.p2\pool\plugins\org.eclipse.justj.openjdk.hotspot.jre.full.win32.x86_64_17.0.0.v20211012-1059\jre"/>
    <property name="user.language" value="en"/>
    <property name="java.specification.vendor" value="Oracle Corporation"/>
    <property name="java.vm.info" value="mixed mode"/>
    <property name="java.version" value="17"/>
    <property name="native.encoding" value="Cp1252"/>
    <property name="java.vendor" value="Eclipse Adoptium"/>
    <property name="maven.home" value="C:\Users\hpsim\Desktop\NewProject\aspial\EMBEDDED"/>
    <property name="file.separator" value="\"/>
    <property name="java.version.date" value="2021-09-14"/>
    <property name="java.vendor.url.bug" value="https://github.com/adoptium/adoptium-support/issues"/>
    <property name="sun.io.unicode.encoding" value="UnicodeLittle"/>
    <property name="sun.cpu.endian" value="little"/>
    <property name="java.vendor.version" value="Temurin-17+35"/>
    <property name="sun.cpu.isalist" value="amd64"/>
  </properties>
  <testcase name="loginPage" classname="com.simplogics.testcases.LoginPage" time="0.992"/>
  <testcase name="chooseyourentity" classname="com.simplogics.testcases.ChooseYourEntityPopup" time="4.317"/>
  <testcase name="homepage" classname="com.simplogics.testcases.Homepage" time="2.397"/>
  <testcase name="createGoldInvoice" classname="com.simplogics.testcases.CreateGoldInvoice" time="0">
    <skipped message="Skipping the test CREATEGOLDINVOICEas the Run mode is NO"/>
    <system-out><![CDATA[rows = 2and cols = 11
sheetname = createGoldInvoice
rowNum = 2
rowNum = 2
rowNum = 2
rowNum = 2
rowNum = 2
rowNum = 2
rowNum = 2
rowNum = 2
rowNum = 2
rowNum = 2
rowNum = 2
]]></system-out>
  </testcase>
  <testcase name="uploadbtnAddRow" classname="com.simplogics.testcases.uploadinAddRow" time="0">
    <skipped message="Skipping the test UPLOADBTNADDROWas the Run mode is NO"/>
  </testcase>
  <testcase name="bulkthisInvoice" classname="com.simplogics.testcases.BulkthisInvoice" time="0">
    <skipped message="Skipping the test BULKTHISINVOICEas the Run mode is NO"/>
  </testcase>
  <testcase name="bulkinPopup" classname="com.simplogics.testcases.BulkinPopup" time="0">
    <skipped message="Skipping the test BULKINPOPUPas the Run mode is NO"/>
  </testcase>
  <testcase name="goldBulk" classname="com.simplogics.testcases.GoldBulk" time="0">
    <skipped message="Skipping the test GOLDBULKas the Run mode is NO"/>
  </testcase>
  <testcase name="addAllDetailsBulk" classname="com.simplogics.testcases.AddAllDetailsBulk" time="0">
    <skipped message="Skipping the test ADDALLDETAILSBULKas the Run mode is NO"/>
  </testcase>
  <testcase name="itemization" classname="com.simplogics.testcases.Itemization" time="0">
    <skipped message="Skipping the test ITEMIZATIONas the Run mode is NO"/>
    <system-out><![CDATA[rows = 2and cols = 7
sheetname = itemization
rowNum = 2
rowNum = 2
rowNum = 2
rowNum = 2
rowNum = 2
rowNum = 2
rowNum = 2
]]></system-out>
  </testcase>
  <testcase name="Stockmanagement" classname="com.simplogics.testcases.StockManagement" time="0.982"/>
  <testcase name="createGoldBulkManual" classname="com.simplogics.testcases.CreateGoldBulkManual" time="0">
    <skipped message="Skipping the test CREATEGOLDBULKMANUALas the Run mode is NO"/>
    <system-out><![CDATA[rows = 2and cols = 10
sheetname = createGoldBulkManual
rowNum = 2
rowNum = 2
rowNum = 2
rowNum = 2
rowNum = 2
rowNum = 2
rowNum = 2
rowNum = 2
rowNum = 2
rowNum = 2
]]></system-out>
  </testcase>
  <testcase name="Bulksearch" classname="com.simplogics.testcases.BulkSearch" time="17.554"/>
  <testcase name="AddGoldbulkDetails" classname="com.simplogics.testcases.AddGoldBulkDeatails" time="0">
    <skipped message="Skipping the test ADDGOLDBULKDETAILSas the Run mode is NO"/>
    <system-out><![CDATA[rows = 2and cols = 3
sheetname = AddGoldbulkDetails
rowNum = 2
rowNum = 2
rowNum = 2
]]></system-out>
  </testcase>
  <testcase name="ExceluploadGoldBulk" classname="com.simplogics.testcases.ExcelUploadGoldBulk" time="0">
    <skipped message="Skipping the test EXCELUPLOADGOLDBULKas the Run mode is NO"/>
  </testcase>
  <testcase name="GenerateitemNoBulkGold" classname="com.simplogics.testcases.GenerateItemNoBulkGold" time="0">
    <skipped message="Skipping the test GENERATEITEMNOBULKGOLDas the Run mode is NO"/>
  </testcase>
  <testcase name="CreatejewelleryBulkManual" classname="com.simplogics.testcases.CreateJewelleryBulkManual" time="0">
    <skipped message="Skipping the test CREATEJEWELLERYBULKMANUALas the Run mode is NO"/>
    <system-out><![CDATA[rows = 2and cols = 6
sheetname = CreatejewelleryBulkManual
rowNum = 2
rowNum = 2
rowNum = 2
rowNum = 2
rowNum = 2
rowNum = 2
]]></system-out>
  </testcase>
  <testcase name="AddjewelleryBulkDetails" classname="com.simplogics.testcases.AddJewelleryBulkDetails" time="8.141"/>
  <testcase name="AddjewelleryBulkDetails" classname="com.simplogics.testcases.AddJewelleryBulkDetails" time="8.232"/>
</testsuite>