<?xml version="1.0" encoding="UTF-8"?>
<!-- Generated by org.testng.reporters.JUnitReportReporter -->
<testsuite skipped="0" hostname="LAPTOP-0N727CIS" name="com.simplogics.testcases.InternalStockTransfer" tests="1" failures="0" timestamp="2021-10-25T19:54:59 IST" time="9.114" errors="0">
  <testcase name="internalStockTransfer" time="9.114" classname="com.simplogics.testcases.InternalStockTransfer"/>
  <system-out/>
</testsuite> <!-- com.simplogics.testcases.InternalStockTransfer -->
