<?xml version="1.0" encoding="UTF-8"?>
<!-- Generated by org.testng.reporters.JUnitReportReporter -->
<testsuite hostname="DESKTOP-20RB9IR" failures="0" tests="2" name="com.simplogics.testcases.JewelleryPriceRecordingPopup" time="60.939" errors="0" timestamp="2022-02-03T11:02:54 IST" skipped="0">
  <testcase classname="com.simplogics.testcases.JewelleryPriceRecordingPopup" name="jewelleryPriceRecordingPopup" time="29.920"/>
  <system-out/>
  <testcase classname="com.simplogics.testcases.JewelleryPriceRecordingPopup" name="jewelleryPriceRecordingPopup" time="31.019"/>
  <system-out/>
</testsuite> <!-- com.simplogics.testcases.JewelleryPriceRecordingPopup -->
