<?xml version="1.0" encoding="UTF-8"?>
<!-- Generated by org.testng.reporters.JUnitReportReporter -->
<testsuite hostname="VK-SIMPLOGICS" failures="0" tests="9" name="com.simplogics.testcases.IssueOutAndMeltingHistory" time="0.005" errors="0" timestamp="2022-04-01T13:16:44 IST" skipped="9">
  <testcase classname="com.simplogics.testcases.IssueOutAndMeltingHistory" name="issueOutandMeltingHistory" time="0.000">
    <skipped/>
  </testcase> <!-- issueOutandMeltingHistory -->
  <system-out/>
  <testcase classname="com.simplogics.testcases.IssueOutAndMeltingHistory" name="issueOutandMeltingHistory" time="0.000">
    <skipped/>
  </testcase> <!-- issueOutandMeltingHistory -->
  <system-out/>
  <testcase classname="com.simplogics.testcases.IssueOutAndMeltingHistory" name="issueOutandMeltingHistory" time="0.001">
    <skipped/>
  </testcase> <!-- issueOutandMeltingHistory -->
  <system-out/>
  <testcase classname="com.simplogics.testcases.IssueOutAndMeltingHistory" name="issueOutandMeltingHistory" time="0.001">
    <skipped/>
  </testcase> <!-- issueOutandMeltingHistory -->
  <system-out/>
  <testcase classname="com.simplogics.testcases.IssueOutAndMeltingHistory" name="issueOutandMeltingHistory" time="0.001">
    <skipped/>
  </testcase> <!-- issueOutandMeltingHistory -->
  <system-out/>
  <testcase classname="com.simplogics.testcases.IssueOutAndMeltingHistory" name="issueOutandMeltingHistory" time="0.001">
    <skipped/>
  </testcase> <!-- issueOutandMeltingHistory -->
  <system-out/>
  <testcase classname="com.simplogics.testcases.IssueOutAndMeltingHistory" name="issueOutandMeltingHistory" time="0.000">
    <skipped/>
  </testcase> <!-- issueOutandMeltingHistory -->
  <system-out/>
  <testcase classname="com.simplogics.testcases.IssueOutAndMeltingHistory" name="issueOutandMeltingHistory" time="0.000">
    <skipped/>
  </testcase> <!-- issueOutandMeltingHistory -->
  <system-out/>
  <testcase classname="com.simplogics.testcases.IssueOutAndMeltingHistory" name="issueOutandMeltingHistory" time="0.001">
    <skipped/>
  </testcase> <!-- issueOutandMeltingHistory -->
  <system-out/>
</testsuite> <!-- com.simplogics.testcases.IssueOutAndMeltingHistory -->
