<?xml version="1.0" encoding="UTF-8"?>
<!-- Generated by org.testng.reporters.JUnitReportReporter -->
<testsuite hostname="VK-SIMPLOGICS" failures="0" tests="3" name="com.simplogics.testcases.PriceRevisionExcelUpload" time="0.001" errors="0" timestamp="2022-04-01T13:16:44 IST" skipped="3">
  <testcase classname="com.simplogics.testcases.PriceRevisionExcelUpload" name="priceRevisionExcelUpload" time="0.001">
    <skipped/>
  </testcase> <!-- priceRevisionExcelUpload -->
  <system-out/>
  <testcase classname="com.simplogics.testcases.PriceRevisionExcelUpload" name="priceRevisionExcelUpload" time="0.000">
    <skipped/>
  </testcase> <!-- priceRevisionExcelUpload -->
  <system-out/>
  <testcase classname="com.simplogics.testcases.PriceRevisionExcelUpload" name="priceRevisionExcelUpload" time="0.000">
    <skipped/>
  </testcase> <!-- priceRevisionExcelUpload -->
  <system-out/>
</testsuite> <!-- com.simplogics.testcases.PriceRevisionExcelUpload -->
