<?xml version="1.0" encoding="UTF-8"?>
<!-- Generated by org.testng.reporters.JUnitReportReporter -->
<testsuite hostname="VK-SIMPLOGICS" failures="0" tests="2" name="com.simplogics.testcases.CreateGoldInvoice" time="0.003" errors="0" timestamp="2022-04-01T13:16:44 IST" skipped="2">
  <testcase classname="com.simplogics.testcases.CreateGoldInvoice" name="createGoldInvoice" time="0.002">
    <skipped/>
  </testcase> <!-- createGoldInvoice -->
  <system-out/>
  <testcase classname="com.simplogics.testcases.CreateGoldInvoice" name="createGoldInvoice" time="0.001">
    <skipped/>
  </testcase> <!-- createGoldInvoice -->
  <system-out/>
</testsuite> <!-- com.simplogics.testcases.CreateGoldInvoice -->
