<?xml version="1.0" encoding="UTF-8"?>
<!-- Generated by org.testng.reporters.JUnitReportReporter -->
<testsuite hostname="DESKTOP-OIJPSID" failures="0" tests="1" name="com.simplogics.testcases.GenerateItemNo" time="3.245" errors="0" timestamp="2021-11-10T09:17:10 IST" skipped="0">
  <testcase classname="com.simplogics.testcases.GenerateItemNo" name="generateItemNo" time="3.245"/>
  <system-out/>
</testsuite> <!-- com.simplogics.testcases.GenerateItemNo -->
