<?xml version="1.0" encoding="UTF-8"?>
<!-- Generated by org.testng.reporters.JUnitReportReporter -->
<testsuite hostname="VK-SIMPLOGICS" failures="0" tests="3" name="com.simplogics.testcases.CreateGoldBulkManual" time="0.002" errors="0" timestamp="2022-04-01T13:16:44 IST" skipped="3">
  <testcase classname="com.simplogics.testcases.CreateGoldBulkManual" name="createGoldBulkManual" time="0.000">
    <skipped/>
  </testcase> <!-- createGoldBulkManual -->
  <system-out/>
  <testcase classname="com.simplogics.testcases.CreateGoldBulkManual" name="createGoldBulkManual" time="0.001">
    <skipped/>
  </testcase> <!-- createGoldBulkManual -->
  <system-out/>
  <testcase classname="com.simplogics.testcases.CreateGoldBulkManual" name="createGoldBulkManual" time="0.001">
    <skipped/>
  </testcase> <!-- createGoldBulkManual -->
  <system-out/>
</testsuite> <!-- com.simplogics.testcases.CreateGoldBulkManual -->
