<?xml version="1.0" encoding="UTF-8"?>
<!-- Generated by org.testng.reporters.JUnitReportReporter -->
<testsuite skipped="0" hostname="LAPTOP-0N727CIS" name="com.simplogics.testcases.BagInvoiceDetails" tests="2" failures="0" timestamp="2021-10-08T13:53:40 IST" time="51.418" errors="0">
  <testcase name="baginvoiceDetails" time="25.788" classname="com.simplogics.testcases.BagInvoiceDetails"/>
  <system-out/>
  <testcase name="baginvoiceDetails" time="25.630" classname="com.simplogics.testcases.BagInvoiceDetails"/>
  <system-out/>
</testsuite> <!-- com.simplogics.testcases.BagInvoiceDetails -->
