<?xml version="1.0" encoding="UTF-8"?>
<!-- Generated by org.testng.reporters.JUnitReportReporter -->
<testsuite hostname="VK-SIMPLOGICS" failures="0" tests="1" name="com.simplogics.testcases.ItemListingMenu" time="0.000" errors="0" timestamp="2022-04-01T13:16:44 IST" skipped="1">
  <testcase classname="com.simplogics.testcases.ItemListingMenu" name="itemListingMenu" time="0.000">
    <skipped/>
  </testcase> <!-- itemListingMenu -->
  <system-out/>
</testsuite> <!-- com.simplogics.testcases.ItemListingMenu -->
