<?xml version="1.0" encoding="UTF-8"?>
<!-- Generated by org.testng.reporters.JUnitReportReporter -->
<testsuite hostname="DESKTOP-08U28T2" failures="0" tests="1" name="com.simplogics.testcases.StockEditWithApproval" time="0.001" errors="0" timestamp="2022-01-12T13:23:23 IST" skipped="1">
  <testcase classname="com.simplogics.testcases.StockEditWithApproval" name="stockEditWithApproval" time="0.001">
    <skipped/>
  </testcase> <!-- stockEditWithApproval -->
  <system-out/>
</testsuite> <!-- com.simplogics.testcases.StockEditWithApproval -->
