<?xml version="1.0" encoding="UTF-8"?>
<!-- Generated by org.testng.reporters.JUnitReportReporter -->
<testsuite hostname="DESKTOP-20RB9IR" failures="0" tests="1" name="com.simplogics.testcases.SendForMeltingPopop" time="0.000" errors="0" timestamp="2022-01-31T14:22:42 IST" skipped="1">
  <testcase classname="com.simplogics.testcases.SendForMeltingPopop" name="sendForMeltingPopop" time="0.000">
    <skipped/>
  </testcase> <!-- sendForMeltingPopop -->
  <system-out/>
</testsuite> <!-- com.simplogics.testcases.SendForMeltingPopop -->
