<?xml version="1.0" encoding="UTF-8"?>
<!-- Generated by org.testng.reporters.JUnitReportReporter -->
<testsuite skipped="0" hostname="LAPTOP-0N727CIS" name="com.simplogics.testcases.SearchBulkNo" tests="3" failures="0" timestamp="2021-10-25T23:26:32 IST" time="53.206" errors="0">
  <testcase name="searchBulkNo" time="17.625" classname="com.simplogics.testcases.SearchBulkNo"/>
  <system-out/>
  <testcase name="searchBulkNo" time="18.037" classname="com.simplogics.testcases.SearchBulkNo"/>
  <system-out/>
  <testcase name="searchBulkNo" time="17.544" classname="com.simplogics.testcases.SearchBulkNo"/>
  <system-out/>
</testsuite> <!-- com.simplogics.testcases.SearchBulkNo -->
