<?xml version="1.0" encoding="UTF-8"?>
<!-- Generated by org.testng.reporters.JUnitReportReporter -->
<testsuite skipped="0" hostname="LAPTOP-0N727CIS" name="com.simplogics.base.Testbase" tests="1" failures="0" timestamp="2021-09-29T00:56:19 IST" time="0.007" errors="0">
  <testcase name="f" time="0.007" classname="com.simplogics.base.Testbase"/>
  <system-out/>
</testsuite> <!-- com.simplogics.base.Testbase -->
