<?xml version="1.0" encoding="UTF-8"?>
<!-- Generated by org.testng.reporters.JUnitReportReporter -->
<testsuite hostname="VK-SIMPLOGICS" failures="0" tests="1" name="com.simplogics.testcases.NewBulkTest" time="0.001" errors="0" timestamp="2022-03-10T16:27:32 IST" skipped="1">
  <testcase classname="com.simplogics.testcases.NewBulkTest" name="newBulkTest" time="0.001">
    <skipped/>
  </testcase> <!-- newBulkTest -->
  <system-out/>
</testsuite> <!-- com.simplogics.testcases.NewBulkTest -->
