<?xml version="1.0" encoding="UTF-8"?>
<!-- Generated by org.testng.reporters.JUnitReportReporter -->
<testsuite hostname="DESKTOP-20RB9IR" failures="0" tests="1" name="com.simplogics.testcases.PriceRecording" time="21.611" errors="0" timestamp="2022-02-02T18:02:14 IST" skipped="0">
  <testcase classname="com.simplogics.testcases.PriceRecording" name="priceRecording" time="21.611"/>
  <system-out/>
</testsuite> <!-- com.simplogics.testcases.PriceRecording -->
