<?xml version="1.0" encoding="UTF-8"?>
<!-- Generated by org.testng.reporters.JUnitReportReporter -->
<testsuite hostname="LAPTOP-KLDP45D5" failures="0" tests="1" name="com.simplogics.testcases.ExcelUploadGoldBulk" time="0.004" errors="0" timestamp="2021-11-25T17:12:33 IST" skipped="1">
  <testcase classname="com.simplogics.testcases.ExcelUploadGoldBulk" name="ExceluploadGoldBulk" time="0.004">
    <skipped/>
  </testcase> <!-- ExceluploadGoldBulk -->
  <system-out/>
</testsuite> <!-- com.simplogics.testcases.ExcelUploadGoldBulk -->
