<?xml version="1.0" encoding="UTF-8"?>
<!-- Generated by org.testng.reporters.JUnitReportReporter -->
<testsuite hostname="VK-SIMPLOGICS" failures="0" tests="4" name="com.simplogics.testcases.Relogin" time="0.002" errors="0" timestamp="2022-04-01T13:16:44 IST" skipped="4">
  <testcase classname="com.simplogics.testcases.Relogin" name="relogin" time="0.000">
    <skipped/>
  </testcase> <!-- relogin -->
  <system-out/>
  <testcase classname="com.simplogics.testcases.Relogin" name="relogin" time="0.000">
    <skipped/>
  </testcase> <!-- relogin -->
  <system-out/>
  <testcase classname="com.simplogics.testcases.Relogin" name="relogin" time="0.001">
    <skipped/>
  </testcase> <!-- relogin -->
  <system-out/>
  <testcase classname="com.simplogics.testcases.Relogin" name="relogin" time="0.001">
    <skipped/>
  </testcase> <!-- relogin -->
  <system-out/>
</testsuite> <!-- com.simplogics.testcases.Relogin -->
