<?xml version="1.0" encoding="UTF-8"?>
<!-- Generated by org.testng.reporters.JUnitReportReporter -->
<testsuite hostname="VK-SIMPLOGICS" failures="0" tests="1" name="com.simplogics.testcases.SaveInvoiceDetails" time="0.002" errors="0" timestamp="2022-04-01T13:16:44 IST" skipped="1">
  <testcase classname="com.simplogics.testcases.SaveInvoiceDetails" name="SaveinvoiceDetails" time="0.002">
    <skipped/>
  </testcase> <!-- SaveinvoiceDetails -->
  <system-out/>
</testsuite> <!-- com.simplogics.testcases.SaveInvoiceDetails -->
