<?xml version="1.0" encoding="UTF-8"?>
<!-- Generated by org.testng.reporters.JUnitReportReporter -->
<testsuite hostname="DESKTOP-OIJPSID" failures="0" tests="1" name="com.simplogics.testcases.BagInvoiceSave" time="9.350" errors="0" timestamp="2021-11-09T18:14:43 IST" skipped="0">
  <testcase classname="com.simplogics.testcases.BagInvoiceSave" name="bagInvoiceSave" time="9.350"/>
  <system-out/>
</testsuite> <!-- com.simplogics.testcases.BagInvoiceSave -->
