<?xml version="1.0" encoding="UTF-8"?>
<!-- Generated by org.testng.reporters.JUnitReportReporter -->
<testsuite skipped="0" hostname="LAPTOP-0N727CIS" name="com.simplogics.testcases.M_Verfiying_BulkDetailsPage" tests="1" failures="0" timestamp="2021-10-26T23:26:03 IST" time="152.734" errors="0">
  <testcase name="m_Verfiying_BulkDetailsPage" time="152.734" classname="com.simplogics.testcases.M_Verfiying_BulkDetailsPage"/>
  <system-out/>
</testsuite> <!-- com.simplogics.testcases.M_Verfiying_BulkDetailsPage -->
