<?xml version="1.0" encoding="UTF-8"?>
<!-- Generated by org.testng.reporters.JUnitReportReporter -->
<testsuite skipped="0" hostname="LAPTOP-0N727CIS" name="com.simplogics.testcases.BagBulk" tests="1" failures="0" timestamp="2021-10-08T13:53:40 IST" time="7.254" errors="0">
  <testcase name="bagBulk" time="7.254" classname="com.simplogics.testcases.BagBulk"/>
  <system-out/>
</testsuite> <!-- com.simplogics.testcases.BagBulk -->
