<?xml version="1.0" encoding="UTF-8"?>
<!-- Generated by org.testng.reporters.JUnitReportReporter -->
<testsuite hostname="DESKTOP-20RB9IR" failures="0" tests="2" name="com.simplogics.testcases.GoldPriceRecordingMenu" time="12.149" errors="0" timestamp="2022-02-03T17:04:45 IST" skipped="0">
  <testcase classname="com.simplogics.testcases.GoldPriceRecordingMenu" name="goldPriceRecordingMenu" time="0.001"/>
  <system-out/>
  <testcase classname="com.simplogics.testcases.GoldPriceRecordingMenu" name="goldPriceRecordingMenu" time="12.148"/>
  <system-out/>
</testsuite> <!-- com.simplogics.testcases.GoldPriceRecordingMenu -->
