<?xml version="1.0" encoding="UTF-8"?>
<!-- Generated by org.testng.reporters.JUnitReportReporter -->
<testsuite hostname="VK-SIMPLOGICS" failures="0" tests="4" name="com.simplogics.testcases.GoldPriceRevisionPopup" time="0.004" errors="0" timestamp="2022-04-01T13:16:44 IST" skipped="4">
  <testcase classname="com.simplogics.testcases.GoldPriceRevisionPopup" name="goldPriceRevisionPopup" time="0.001">
    <skipped/>
  </testcase> <!-- goldPriceRevisionPopup -->
  <system-out/>
  <testcase classname="com.simplogics.testcases.GoldPriceRevisionPopup" name="goldPriceRevisionPopup" time="0.001">
    <skipped/>
  </testcase> <!-- goldPriceRevisionPopup -->
  <system-out/>
  <testcase classname="com.simplogics.testcases.GoldPriceRevisionPopup" name="goldPriceRevisionPopup" time="0.001">
    <skipped/>
  </testcase> <!-- goldPriceRevisionPopup -->
  <system-out/>
  <testcase classname="com.simplogics.testcases.GoldPriceRevisionPopup" name="goldPriceRevisionPopup" time="0.001">
    <skipped/>
  </testcase> <!-- goldPriceRevisionPopup -->
  <system-out/>
</testsuite> <!-- com.simplogics.testcases.GoldPriceRevisionPopup -->
