<?xml version="1.0" encoding="UTF-8"?>
<!-- Generated by org.testng.reporters.JUnitReportReporter -->
<testsuite hostname="DESKTOP-OIJPSID" failures="0" tests="1" name="com.simplogics.testcases.EditInvoiceHeader" time="13.505" errors="0" timestamp="2021-11-09T16:36:44 IST" skipped="0">
  <testcase classname="com.simplogics.testcases.EditInvoiceHeader" name="editInvoiceHeader" time="13.505"/>
  <system-out/>
</testsuite> <!-- com.simplogics.testcases.EditInvoiceHeader -->
