<?xml version="1.0" encoding="UTF-8"?>
<!-- Generated by org.testng.reporters.JUnitReportReporter -->
<testsuite hostname="DESKTOP-OIJPSID" failures="0" tests="1" name="com.simplogics.testcases.BulkDetailSave" time="59.162" errors="0" timestamp="2021-11-10T18:08:51 IST" skipped="0">
  <testcase classname="com.simplogics.testcases.BulkDetailSave" name="bulkDetailSave" time="59.162"/>
  <system-out/>
</testsuite> <!-- com.simplogics.testcases.BulkDetailSave -->
