<?xml version="1.0" encoding="UTF-8"?>
<!-- Generated by org.testng.reporters.JUnitReportReporter -->
<testsuite skipped="0" hostname="LAPTOP-0N727CIS" name="com.simplogics.testcases.PendingAcceptance" tests="1" failures="0" timestamp="2021-10-25T23:26:32 IST" time="17.912" errors="0">
  <testcase name="pendingAcceptance" time="17.912" classname="com.simplogics.testcases.PendingAcceptance"/>
  <system-out/>
</testsuite> <!-- com.simplogics.testcases.PendingAcceptance -->
