<?xml version="1.0" encoding="UTF-8"?>
<!-- Generated by org.testng.reporters.JUnitReportReporter -->
<testsuite hostname="VK-SIMPLOGICS" failures="0" tests="1" name="com.simplogics.testcases.LoginPage" time="2.702" errors="0" timestamp="2022-04-01T13:16:44 IST" skipped="0">
  <testcase classname="com.simplogics.testcases.LoginPage" name="loginPage" time="2.702"/>
  <system-out/>
</testsuite> <!-- com.simplogics.testcases.LoginPage -->
