<?xml version="1.0" encoding="UTF-8"?>
<!-- Generated by org.testng.reporters.JUnitReportReporter -->
<testsuite hostname="DESKTOP-OIJPSID" failures="0" tests="1" name="com.simplogics.testcases.SetCellPrice" time="22.988" errors="0" timestamp="2021-11-10T18:08:51 IST" skipped="0">
  <testcase classname="com.simplogics.testcases.SetCellPrice" name="setCellPrice" time="22.988"/>
  <system-out/>
</testsuite> <!-- com.simplogics.testcases.SetCellPrice -->
