<?xml version="1.0" encoding="UTF-8"?>
<!-- Generated by org.testng.reporters.JUnitReportReporter -->
<testsuite hostname="DESKTOP-OIJPSID" failures="0" tests="1" name="com.simplogics.testcases.GoldInvoiceDetails" time="42.318" errors="0" timestamp="2021-11-09T16:36:44 IST" skipped="0">
  <testcase classname="com.simplogics.testcases.GoldInvoiceDetails" name="goldInvoiceDetails" time="42.318"/>
  <system-out/>
</testsuite> <!-- com.simplogics.testcases.GoldInvoiceDetails -->
