<?xml version="1.0" encoding="UTF-8"?>
<!-- Generated by org.testng.reporters.JUnitReportReporter -->
<testsuite hostname="VK-SIMPLOGICS" failures="0" tests="5" name="com.simplogics.testcases.ItemListingGold" time="0.002" errors="0" timestamp="2022-04-01T13:16:44 IST" skipped="5">
  <testcase classname="com.simplogics.testcases.ItemListingGold" name="itemListingGold" time="0.000">
    <skipped/>
  </testcase> <!-- itemListingGold -->
  <system-out/>
  <testcase classname="com.simplogics.testcases.ItemListingGold" name="itemListingGold" time="0.000">
    <skipped/>
  </testcase> <!-- itemListingGold -->
  <system-out/>
  <testcase classname="com.simplogics.testcases.ItemListingGold" name="itemListingGold" time="0.001">
    <skipped/>
  </testcase> <!-- itemListingGold -->
  <system-out/>
  <testcase classname="com.simplogics.testcases.ItemListingGold" name="itemListingGold" time="0.000">
    <skipped/>
  </testcase> <!-- itemListingGold -->
  <system-out/>
  <testcase classname="com.simplogics.testcases.ItemListingGold" name="itemListingGold" time="0.001">
    <skipped/>
  </testcase> <!-- itemListingGold -->
  <system-out/>
</testsuite> <!-- com.simplogics.testcases.ItemListingGold -->
