<?xml version="1.0" encoding="UTF-8"?>
<!-- Generated by org.testng.reporters.JUnitReportReporter -->
<testsuite hostname="DESKTOP-OIJPSID" failures="0" tests="1" name="com.simplogics.testcases.M_GenerteItem" time="9.365" errors="0" timestamp="2021-11-09T15:35:52 IST" skipped="0">
  <testcase classname="com.simplogics.testcases.M_GenerteItem" name="m_GenerteItem" time="9.365"/>
  <system-out/>
</testsuite> <!-- com.simplogics.testcases.M_GenerteItem -->
