<?xml version="1.0" encoding="UTF-8"?>
<!-- Generated by org.testng.reporters.JUnitReportReporter -->
<testsuite skipped="0" hostname="LAPTOP-0N727CIS" name="com.simplogics.testcases.Searchinvoiceno" tests="1" failures="0" timestamp="2021-10-08T13:53:40 IST" time="38.312" errors="0">
  <testcase name="searchinvoiceno" time="38.312" classname="com.simplogics.testcases.Searchinvoiceno"/>
  <system-out/>
</testsuite> <!-- com.simplogics.testcases.Searchinvoiceno -->
