<?xml version="1.0" encoding="UTF-8"?>
<!-- Generated by org.testng.reporters.JUnitReportReporter -->
<testsuite hostname="VK-SIMPLOGICS" failures="0" tests="2" name="com.simplogics.testcases.StockEditApprover" time="0.001" errors="0" timestamp="2022-04-01T13:16:44 IST" skipped="2">
  <testcase classname="com.simplogics.testcases.StockEditApprover" name="stockEditApprover" time="0.001">
    <skipped/>
  </testcase> <!-- stockEditApprover -->
  <system-out/>
  <testcase classname="com.simplogics.testcases.StockEditApprover" name="stockEditApprover" time="0.000">
    <skipped/>
  </testcase> <!-- stockEditApprover -->
  <system-out/>
</testsuite> <!-- com.simplogics.testcases.StockEditApprover -->
