<?xml version="1.0" encoding="UTF-8"?>
<!-- Generated by org.testng.reporters.JUnitReportReporter -->
<testsuite hostname="LAPTOP-KLDP45D5" failures="0" tests="1" name="com.simplogics.testcases.Itemization2" time="325.542" errors="0" timestamp="2021-11-16T17:21:57 IST" skipped="0">
  <testcase classname="com.simplogics.testcases.Itemization2" name="itemization2" time="325.542"/>
  <system-out/>
</testsuite> <!-- com.simplogics.testcases.Itemization2 -->
