<?xml version="1.0" encoding="UTF-8"?>
<!-- Generated by org.testng.reporters.JUnitReportReporter -->
<testsuite hostname="VK-SIMPLOGICS" failures="0" tests="5" name="com.simplogics.testcases.ChooseYourEntityPopup" time="10.579" errors="0" timestamp="2022-04-01T13:16:44 IST" skipped="4">
  <testcase classname="com.simplogics.testcases.ChooseYourEntityPopup" name="chooseyourentity" time="0.001">
    <skipped/>
  </testcase> <!-- chooseyourentity -->
  <system-out/>
  <testcase classname="com.simplogics.testcases.ChooseYourEntityPopup" name="chooseyourentity" time="0.002">
    <skipped/>
  </testcase> <!-- chooseyourentity -->
  <system-out/>
  <testcase classname="com.simplogics.testcases.ChooseYourEntityPopup" name="chooseyourentity" time="0.002">
    <skipped/>
  </testcase> <!-- chooseyourentity -->
  <system-out/>
  <testcase classname="com.simplogics.testcases.ChooseYourEntityPopup" name="chooseyourentity" time="10.573"/>
  <system-out/>
  <testcase classname="com.simplogics.testcases.ChooseYourEntityPopup" name="chooseyourentity" time="0.001">
    <skipped/>
  </testcase> <!-- chooseyourentity -->
  <system-out/>
</testsuite> <!-- com.simplogics.testcases.ChooseYourEntityPopup -->
