<?xml version="1.0" encoding="UTF-8"?>
<!-- Generated by org.testng.reporters.JUnitReportReporter -->
<testsuite hostname="VK-SIMPLOGICS" failures="0" tests="2" name="com.simplogics.testcases.InternalTransferDetails" time="0.002" errors="0" timestamp="2022-04-01T13:16:44 IST" skipped="2">
  <testcase classname="com.simplogics.testcases.InternalTransferDetails" name="internalTransfer" time="0.001">
    <skipped/>
  </testcase> <!-- internalTransfer -->
  <system-out/>
  <testcase classname="com.simplogics.testcases.InternalTransferDetails" name="internalTransfer" time="0.001">
    <skipped/>
  </testcase> <!-- internalTransfer -->
  <system-out/>
</testsuite> <!-- com.simplogics.testcases.InternalTransferDetails -->
