<?xml version="1.0" encoding="UTF-8"?>
<!-- Generated by org.testng.reporters.JUnitReportReporter -->
<testsuite hostname="VK-SIMPLOGICS" failures="0" tests="2" name="com.simplogics.testcases.CreateJewelleryBulkManual" time="19.376" errors="0" timestamp="2022-04-01T13:16:44 IST" skipped="1">
  <testcase classname="com.simplogics.testcases.CreateJewelleryBulkManual" name="CreatejewelleryBulkManual" time="0.001">
    <skipped/>
  </testcase> <!-- CreatejewelleryBulkManual -->
  <system-out/>
  <testcase classname="com.simplogics.testcases.CreateJewelleryBulkManual" name="CreatejewelleryBulkManual" time="19.375"/>
  <system-out/>
</testsuite> <!-- com.simplogics.testcases.CreateJewelleryBulkManual -->
