<?xml version="1.0" encoding="UTF-8"?>
<!-- Generated by org.testng.reporters.JUnitReportReporter -->
<testsuite hostname="VK-SIMPLOGICS" failures="0" tests="1" name="com.simplogics.testcases.SendForMeltingApproval" time="0.003" errors="0" timestamp="2022-04-01T13:16:44 IST" skipped="1">
  <testcase classname="com.simplogics.testcases.SendForMeltingApproval" name="sendForMeltingApproval" time="0.003">
    <skipped/>
  </testcase> <!-- sendForMeltingApproval -->
  <system-out/>
</testsuite> <!-- com.simplogics.testcases.SendForMeltingApproval -->
