<?xml version="1.0" encoding="UTF-8"?>
<!-- Generated by org.testng.reporters.JUnitReportReporter -->
<testsuite hostname="LAPTOP-KLDP45D5" failures="0" tests="1" name="com.simplogics.testcases.CreateGoldInvoice" time="0.001" errors="0" timestamp="2021-11-25T12:26:00 IST" skipped="1">
  <testcase classname="com.simplogics.testcases.CreateGoldInvoice" name="createGoldInvoice" time="0.001">
    <skipped/>
  </testcase> <!-- createGoldInvoice -->
  <system-out/>
</testsuite> <!-- com.simplogics.testcases.CreateGoldInvoice -->
