<?xml version="1.0" encoding="UTF-8"?>
<!-- Generated by org.testng.reporters.JUnitReportReporter -->
<testsuite hostname="LAPTOP-KLDP45D5" failures="0" tests="2" name="com.simplogics.testcases.AddJewelleryBulkDetails" time="16.371" errors="0" timestamp="2021-11-25T12:26:00 IST" skipped="0">
  <testcase classname="com.simplogics.testcases.AddJewelleryBulkDetails" name="AddjewelleryBulkDetails" time="8.140"/>
  <system-out/>
  <testcase classname="com.simplogics.testcases.AddJewelleryBulkDetails" name="AddjewelleryBulkDetails" time="8.231"/>
  <system-out/>
</testsuite> <!-- com.simplogics.testcases.AddJewelleryBulkDetails -->
