<?xml version="1.0" encoding="UTF-8"?>
<!-- Generated by org.testng.reporters.JUnitReportReporter -->
<testsuite hostname="LAPTOP-KLDP45D5" failures="0" tests="1" name="com.simplogics.testcases.GenerateItemNoBulkGold" time="0.009" errors="0" timestamp="2021-11-25T12:26:00 IST" skipped="1">
  <testcase classname="com.simplogics.testcases.GenerateItemNoBulkGold" name="GenerateitemNoBulkGold" time="0.009">
    <skipped/>
  </testcase> <!-- GenerateitemNoBulkGold -->
  <system-out/>
</testsuite> <!-- com.simplogics.testcases.GenerateItemNoBulkGold -->
