<?xml version="1.0" encoding="UTF-8"?>
<!-- Generated by org.testng.reporters.JUnitReportReporter -->
<testsuite hostname="LAPTOP-KLDP45D5" failures="0" tests="1" name="com.simplogics.testcases.StockManagement" time="0.983" errors="0" timestamp="2021-11-25T12:26:00 IST" skipped="0">
  <testcase classname="com.simplogics.testcases.StockManagement" name="Stockmanagement" time="0.983"/>
  <system-out/>
</testsuite> <!-- com.simplogics.testcases.StockManagement -->
