<?xml version="1.0" encoding="UTF-8"?>
<!-- Generated by org.testng.reporters.JUnitReportReporter -->
<testsuite hostname="LAPTOP-KLDP45D5" failures="0" tests="1" name="com.simplogics.testcases.Homepage" time="2.398" errors="0" timestamp="2021-11-25T12:26:00 IST" skipped="0">
  <testcase classname="com.simplogics.testcases.Homepage" name="homepage" time="2.398"/>
  <system-out/>
</testsuite> <!-- com.simplogics.testcases.Homepage -->
